This is XeTeX, Version 3.141592653-2.6-0.999996 (TeX Live 2024) (preloaded format=xelatex 2024.9.15)  18 SEP 2024 09:34
entering extended mode
 restricted \write18 enabled.
 %&-line parsing enabled.
**Editor-instructions.tex
(./Editor-instructions.tex
LaTeX2e <2024-06-01> patch level 2
L3 programming layer <2024-08-30>
(c:/Users/cslau/AppData/Roaming/TinyTeX/texmf-dist/tex/latex/base/article.cls
Document Class: article 2024/02/08 v1.4n Standard LaTeX document class
(c:/Users/cslau/AppData/Roaming/TinyTeX/texmf-dist/tex/latex/base/size12.clo
File: size12.clo 2024/02/08 v1.4n Standard LaTeX file (size option)
)
\c@part=\count190
\c@section=\count191
\c@subsection=\count192
\c@subsubsection=\count193
\c@paragraph=\count194
\c@subparagraph=\count195
\c@figure=\count196
\c@table=\count197
\abovecaptionskip=\skip49
\belowcaptionskip=\skip50
\bibindent=\dimen141
) (c:/Users/cslau/AppData/Roaming/TinyTeX/texmf-dist/tex/latex/amsmath/amsmath.sty
Package: amsmath 2024/05/23 v2.17q AMS math features
\@mathmargin=\skip51
For additional information on amsmath, use the `?' option.
(c:/Users/cslau/AppData/Roaming/TinyTeX/texmf-dist/tex/latex/amsmath/amstext.sty
Package: amstext 2021/08/26 v2.01 AMS text
(c:/Users/cslau/AppData/Roaming/TinyTeX/texmf-dist/tex/latex/amsmath/amsgen.sty
File: amsgen.sty 1999/11/30 v2.0 generic functions
\@emptytoks=\toks17
\ex@=\dimen142
)) (c:/Users/cslau/AppData/Roaming/TinyTeX/texmf-dist/tex/latex/amsmath/amsbsy.sty
Package: amsbsy 1999/11/29 v1.2d Bold Symbols
\pmbraise@=\dimen143
) (c:/Users/cslau/AppData/Roaming/TinyTeX/texmf-dist/tex/latex/amsmath/amsopn.sty
Package: amsopn 2022/04/08 v2.04 operator names
)
\inf@bad=\count198
LaTeX Info: Redefining \frac on input line 233.
\uproot@=\count199
\leftroot@=\count266
LaTeX Info: Redefining \overline on input line 398.
LaTeX Info: Redefining \colon on input line 409.
\classnum@=\count267
\DOTSCASE@=\count268
LaTeX Info: Redefining \ldots on input line 495.
LaTeX Info: Redefining \dots on input line 498.
LaTeX Info: Redefining \cdots on input line 619.
\Mathstrutbox@=\box52
\strutbox@=\box53
LaTeX Info: Redefining \big on input line 721.
LaTeX Info: Redefining \Big on input line 722.
LaTeX Info: Redefining \bigg on input line 723.
LaTeX Info: Redefining \Bigg on input line 724.
\big@size=\dimen144
LaTeX Font Info:    Redeclaring font encoding OML on input line 742.
LaTeX Font Info:    Redeclaring font encoding OMS on input line 743.
\macc@depth=\count269
LaTeX Info: Redefining \bmod on input line 904.
LaTeX Info: Redefining \pmod on input line 909.
LaTeX Info: Redefining \smash on input line 939.
LaTeX Info: Redefining \relbar on input line 969.
LaTeX Info: Redefining \Relbar on input line 970.
\c@MaxMatrixCols=\count270
\dotsspace@=\muskip17
\c@parentequation=\count271
\dspbrk@lvl=\count272
\tag@help=\toks18
\row@=\count273
\column@=\count274
\maxfields@=\count275
\andhelp@=\toks19
\eqnshift@=\dimen145
\alignsep@=\dimen146
\tagshift@=\dimen147
\tagwidth@=\dimen148
\totwidth@=\dimen149
\lineht@=\dimen150
\@envbody=\toks20
\multlinegap=\skip52
\multlinetaggap=\skip53
\mathdisplay@stack=\toks21
LaTeX Info: Redefining \[ on input line 2953.
LaTeX Info: Redefining \] on input line 2954.
) (c:/Users/cslau/AppData/Roaming/TinyTeX/texmf-dist/tex/latex/amsfonts/amssymb.sty
Package: amssymb 2013/01/14 v3.01 AMS font symbols
(c:/Users/cslau/AppData/Roaming/TinyTeX/texmf-dist/tex/latex/amsfonts/amsfonts.sty
Package: amsfonts 2013/01/14 v3.01 Basic AMSFonts support
\symAMSa=\mathgroup4
\symAMSb=\mathgroup5
LaTeX Font Info:    Redeclaring math symbol \hbar on input line 98.
LaTeX Font Info:    Overwriting math alphabet `\mathfrak' in version `bold'
(Font)                  U/euf/m/n --> U/euf/b/n on input line 106.
)) (c:/Users/cslau/AppData/Roaming/TinyTeX/texmf-dist/tex/latex/setspace/setspace.sty
Package: setspace 2022/12/04 v6.7b set line spacing
) (c:/Users/cslau/AppData/Roaming/TinyTeX/texmf-dist/tex/generic/iftex/iftex.sty
Package: iftex 2022/02/03 v1.0f TeX engine tests
) (c:/Users/cslau/AppData/Roaming/TinyTeX/texmf-dist/tex/latex/unicode-math/unicode-math.sty (c:/Users/cslau/AppData/Roaming/TinyTeX/texmf-dist/tex/latex/l3kernel/expl3.sty
Package: expl3 2024-08-30 L3 programming layer (loader) 
(c:/Users/cslau/AppData/Roaming/TinyTeX/texmf-dist/tex/latex/l3backend/l3backend-xetex.def
File: l3backend-xetex.def 2024-05-08 L3 backend support: XeTeX
\g__graphics_track_int=\count276
\l__pdf_internal_box=\box54
\g__pdf_backend_annotation_int=\count277
\g__pdf_backend_link_int=\count278
))
Package: unicode-math 2023/08/13 v0.8r Unicode maths in XeLaTeX and LuaLaTeX
(c:/Users/cslau/AppData/Roaming/TinyTeX/texmf-dist/tex/latex/unicode-math/unicode-math-xetex.sty
Package: unicode-math-xetex 2023/08/13 v0.8r Unicode maths in XeLaTeX and LuaLaTeX
(c:/Users/cslau/AppData/Roaming/TinyTeX/texmf-dist/tex/latex/l3packages/xparse/xparse.sty
Package: xparse 2024-08-16 L3 Experimental document command parser
) (c:/Users/cslau/AppData/Roaming/TinyTeX/texmf-dist/tex/latex/l3packages/l3keys2e/l3keys2e.sty
Package: l3keys2e 2024-08-16 LaTeX2e option processing using LaTeX3 keys
) (c:/Users/cslau/AppData/Roaming/TinyTeX/texmf-dist/tex/latex/fontspec/fontspec.sty
Package: fontspec 2024/05/11 v2.9e Font selection for XeLaTeX and LuaLaTeX
(c:/Users/cslau/AppData/Roaming/TinyTeX/texmf-dist/tex/latex/fontspec/fontspec-xetex.sty
Package: fontspec-xetex 2024/05/11 v2.9e Font selection for XeLaTeX and LuaLaTeX
\l__fontspec_script_int=\count279
\l__fontspec_language_int=\count280
\l__fontspec_strnum_int=\count281
\l__fontspec_tmp_int=\count282
\l__fontspec_tmpa_int=\count283
\l__fontspec_tmpb_int=\count284
\l__fontspec_tmpc_int=\count285
\l__fontspec_em_int=\count286
\l__fontspec_emdef_int=\count287
\l__fontspec_strong_int=\count288
\l__fontspec_strongdef_int=\count289
\l__fontspec_tmpa_dim=\dimen151
\l__fontspec_tmpb_dim=\dimen152
\l__fontspec_tmpc_dim=\dimen153
(c:/Users/cslau/AppData/Roaming/TinyTeX/texmf-dist/tex/latex/base/fontenc.sty
Package: fontenc 2021/04/29 v2.0v Standard LaTeX package
) (c:/Users/cslau/AppData/Roaming/TinyTeX/texmf-dist/tex/latex/fontspec/fontspec.cfg))) (c:/Users/cslau/AppData/Roaming/TinyTeX/texmf-dist/tex/latex/base/fix-cm.sty
Package: fix-cm 2020/11/24 v1.1t fixes to LaTeX
(c:/Users/cslau/AppData/Roaming/TinyTeX/texmf-dist/tex/latex/base/ts1enc.def
File: ts1enc.def 2001/06/05 v3.0e (jk/car/fm) Standard LaTeX file
LaTeX Font Info:    Redeclaring font encoding TS1 on input line 47.
))
\g__um_fam_int=\count290
\g__um_fonts_used_int=\count291
\l__um_primecount_int=\count292
\g__um_primekern_muskip=\muskip18
(c:/Users/cslau/AppData/Roaming/TinyTeX/texmf-dist/tex/latex/unicode-math/unicode-math-table.tex))) (c:/Users/cslau/AppData/Roaming/TinyTeX/texmf-dist/tex/latex/lm/lmodern.sty
Package: lmodern 2015/05/01 v1.6.1 Latin Modern Fonts
LaTeX Font Info:    Overwriting symbol font `operators' in version `normal'
(Font)                  OT1/cmr/m/n --> OT1/lmr/m/n on input line 22.
LaTeX Font Info:    Overwriting symbol font `letters' in version `normal'
(Font)                  OML/cmm/m/it --> OML/lmm/m/it on input line 23.
LaTeX Font Info:    Overwriting symbol font `symbols' in version `normal'
(Font)                  OMS/cmsy/m/n --> OMS/lmsy/m/n on input line 24.
LaTeX Font Info:    Overwriting symbol font `largesymbols' in version `normal'
(Font)                  OMX/cmex/m/n --> OMX/lmex/m/n on input line 25.
LaTeX Font Info:    Overwriting symbol font `operators' in version `bold'
(Font)                  OT1/cmr/bx/n --> OT1/lmr/bx/n on input line 26.
LaTeX Font Info:    Overwriting symbol font `letters' in version `bold'
(Font)                  OML/cmm/b/it --> OML/lmm/b/it on input line 27.
LaTeX Font Info:    Overwriting symbol font `symbols' in version `bold'
(Font)                  OMS/cmsy/b/n --> OMS/lmsy/b/n on input line 28.
LaTeX Font Info:    Overwriting symbol font `largesymbols' in version `bold'
(Font)                  OMX/cmex/m/n --> OMX/lmex/m/n on input line 29.
LaTeX Font Info:    Overwriting math alphabet `\mathbf' in version `normal'
(Font)                  OT1/cmr/bx/n --> OT1/lmr/bx/n on input line 31.
LaTeX Font Info:    Overwriting math alphabet `\mathsf' in version `normal'
(Font)                  OT1/cmss/m/n --> OT1/lmss/m/n on input line 32.
LaTeX Font Info:    Overwriting math alphabet `\mathit' in version `normal'
(Font)                  OT1/cmr/m/it --> OT1/lmr/m/it on input line 33.
LaTeX Font Info:    Overwriting math alphabet `\mathtt' in version `normal'
(Font)                  OT1/cmtt/m/n --> OT1/lmtt/m/n on input line 34.
LaTeX Font Info:    Overwriting math alphabet `\mathbf' in version `bold'
(Font)                  OT1/cmr/bx/n --> OT1/lmr/bx/n on input line 35.
LaTeX Font Info:    Overwriting math alphabet `\mathsf' in version `bold'
(Font)                  OT1/cmss/bx/n --> OT1/lmss/bx/n on input line 36.
LaTeX Font Info:    Overwriting math alphabet `\mathit' in version `bold'
(Font)                  OT1/cmr/bx/it --> OT1/lmr/bx/it on input line 37.
LaTeX Font Info:    Overwriting math alphabet `\mathtt' in version `bold'
(Font)                  OT1/cmtt/m/n --> OT1/lmtt/m/n on input line 38.
) (c:/Users/cslau/AppData/Roaming/TinyTeX/texmf-dist/tex/latex/microtype/microtype.sty
Package: microtype 2024/03/29 v3.1b Micro-typographical refinements (RS)
(c:/Users/cslau/AppData/Roaming/TinyTeX/texmf-dist/tex/latex/graphics/keyval.sty
Package: keyval 2022/05/29 v1.15 key=value parser (DPC)
\KV@toks@=\toks22
) (c:/Users/cslau/AppData/Roaming/TinyTeX/texmf-dist/tex/latex/etoolbox/etoolbox.sty
Package: etoolbox 2020/10/05 v2.5k e-TeX tools for LaTeX (JAW)
\etb@tempcnta=\count293
)
\MT@toks=\toks23
\MT@tempbox=\box55
\MT@count=\count294
LaTeX Info: Redefining \noprotrusionifhmode on input line 1061.
LaTeX Info: Redefining \leftprotrusion on input line 1062.
\MT@prot@toks=\toks24
LaTeX Info: Redefining \rightprotrusion on input line 1081.
LaTeX Info: Redefining \textls on input line 1392.
\MT@outer@kern=\dimen154
LaTeX Info: Redefining \textmicrotypecontext on input line 2013.
\MT@listname@count=\count295
(c:/Users/cslau/AppData/Roaming/TinyTeX/texmf-dist/tex/latex/microtype/microtype-xetex.def
File: microtype-xetex.def 2024/03/29 v3.1b Definitions specific to xetex (RS)
LaTeX Info: Redefining \lsstyle on input line 238.
)
Package microtype Info: Loading configuration file microtype.cfg.
(c:/Users/cslau/AppData/Roaming/TinyTeX/texmf-dist/tex/latex/microtype/microtype.cfg
File: microtype.cfg 2024/03/29 v3.1b microtype main configuration file (RS)
)) (c:/Users/cslau/AppData/Roaming/TinyTeX/texmf-dist/tex/latex/xcolor/xcolor.sty
Package: xcolor 2023/11/15 v3.01 LaTeX color extensions (UK)
(c:/Users/cslau/AppData/Roaming/TinyTeX/texmf-dist/tex/latex/graphics-cfg/color.cfg
File: color.cfg 2016/01/02 v1.6 sample color configuration
)
Package xcolor Info: Driver file: xetex.def on input line 274.
(c:/Users/cslau/AppData/Roaming/TinyTeX/texmf-dist/tex/latex/graphics-def/xetex.def
File: xetex.def 2022/09/22 v5.0n Graphics/color driver for xetex
) (c:/Users/cslau/AppData/Roaming/TinyTeX/texmf-dist/tex/latex/graphics/mathcolor.ltx)
Package xcolor Info: Model `cmy' substituted by `cmy0' on input line 1350.
Package xcolor Info: Model `RGB' extended on input line 1366.
Package xcolor Info: Model `HTML' substituted by `rgb' on input line 1368.
Package xcolor Info: Model `Hsb' substituted by `hsb' on input line 1369.
Package xcolor Info: Model `tHsb' substituted by `hsb' on input line 1370.
Package xcolor Info: Model `HSB' substituted by `hsb' on input line 1371.
Package xcolor Info: Model `Gray' substituted by `gray' on input line 1372.
Package xcolor Info: Model `wave' substituted by `hsb' on input line 1373.
) (c:/Users/cslau/AppData/Roaming/TinyTeX/texmf-dist/tex/latex/geometry/geometry.sty
Package: geometry 2020/01/02 v5.9 Page Geometry
(c:/Users/cslau/AppData/Roaming/TinyTeX/texmf-dist/tex/generic/iftex/ifvtex.sty
Package: ifvtex 2019/10/25 v1.7 ifvtex legacy package. Use iftex instead.
)
\Gm@cnth=\count296
\Gm@cntv=\count297
\c@Gm@tempcnt=\count298
\Gm@bindingoffset=\dimen155
\Gm@wd@mp=\dimen156
\Gm@odd@mp=\dimen157
\Gm@even@mp=\dimen158
\Gm@layoutwidth=\dimen159
\Gm@layoutheight=\dimen160
\Gm@layouthoffset=\dimen161
\Gm@layoutvoffset=\dimen162
\Gm@dimlist=\toks25
) (c:/Users/cslau/AppData/Roaming/TinyTeX/texmf-dist/tex/latex/graphics/graphicx.sty
Package: graphicx 2021/09/16 v1.2d Enhanced LaTeX Graphics (DPC,SPQR)
(c:/Users/cslau/AppData/Roaming/TinyTeX/texmf-dist/tex/latex/graphics/graphics.sty
Package: graphics 2024/05/23 v1.4g Standard LaTeX Graphics (DPC,SPQR)
(c:/Users/cslau/AppData/Roaming/TinyTeX/texmf-dist/tex/latex/graphics/trig.sty
Package: trig 2023/12/02 v1.11 sin cos tan (DPC)
) (c:/Users/cslau/AppData/Roaming/TinyTeX/texmf-dist/tex/latex/graphics-cfg/graphics.cfg
File: graphics.cfg 2016/06/04 v1.11 sample graphics configuration
)
Package graphics Info: Driver file: xetex.def on input line 106.
)
\Gin@req@height=\dimen163
\Gin@req@width=\dimen164
) (c:/Users/cslau/AppData/Roaming/TinyTeX/texmf-dist/tex/latex/parskip/parskip.sty
Package: parskip 2021-03-14 v2.0h non-zero parskip adjustments
(c:/Users/cslau/AppData/Roaming/TinyTeX/texmf-dist/tex/latex/kvoptions/kvoptions.sty
Package: kvoptions 2022-06-15 v3.15 Key value format for package options (HO)
(c:/Users/cslau/AppData/Roaming/TinyTeX/texmf-dist/tex/generic/ltxcmds/ltxcmds.sty
Package: ltxcmds 2023-12-04 v1.26 LaTeX kernel commands for general use (HO)
) (c:/Users/cslau/AppData/Roaming/TinyTeX/texmf-dist/tex/latex/kvsetkeys/kvsetkeys.sty
Package: kvsetkeys 2022-10-05 v1.19 Key value parser (HO)
)))

Package fontspec Info: 
(fontspec)             EBGaramond12-Regular scale = 1.051216047736309.


Package fontspec Info: 
(fontspec)             EBGaramond12-Regular scale = 1.


Package fontspec Info: 
(fontspec)             EBGaramond12-Regular scale = 1.051216047736309.


Package fontspec Info: 
(fontspec)             EBGaramond12-Regular scale = 1.


Package fontspec Info: 
(fontspec)             EBGaramond12-Regular scale = 1.051216047736309.


Package fontspec Info: 
(fontspec)             EBGaramond12-Regular scale = 1.


Package fontspec Info: 
(fontspec)             EBGaramond12-Italic scale = 1.077495279330142.


Package fontspec Info: 
(fontspec)             EBGaramond12-Italic scale = 1.


Package fontspec Info: 
(fontspec)             EBGaramond12-Italic scale = 1.077495279330142.


Package fontspec Info: 
(fontspec)             EBGaramond12-Italic scale = 1.


Package fontspec Info: 
(fontspec)             Font family 'EBGaramond(0)' created for font
(fontspec)             'EBGaramond' with options
(fontspec)             [Scale=MatchLowercase,Ligatures=TeX,Scale=1,Path=../Templates/EB-Garamond/otf/,Extension=.otf,UprightFont=*12-Regular,ItalicFont=*12-Italic,RawFeature=+calt].
(fontspec)              
(fontspec)              This font family consists of the following NFSS
(fontspec)             series/shapes:
(fontspec)              
(fontspec)             - 'normal' (m/n) with NFSS spec.:
(fontspec)             <->s*[1]"[../Templates/EB-Garamond/otf/EBGaramond12-Regular.otf]/OT:script=latn;language=dflt;+calt;mapping=tex-text;"
(fontspec)             - 'small caps'  (m/sc) with NFSS spec.:
(fontspec)             <->s*[1]"[../Templates/EB-Garamond/otf/EBGaramond12-Regular.otf]/OT:script=latn;language=dflt;+calt;+smcp;mapping=tex-text;"
(fontspec)             - 'italic' (m/it) with NFSS spec.:
(fontspec)             <->s*[1]"[../Templates/EB-Garamond/otf/EBGaramond12-Italic.otf]/OT:script=latn;language=dflt;+calt;mapping=tex-text;"
(fontspec)             - 'italic small caps'  (m/scit) with NFSS spec.:
(fontspec)             <->s*[1]"[../Templates/EB-Garamond/otf/EBGaramond12-Italic.otf]/OT:script=latn;language=dflt;+calt;+smcp;mapping=tex-text;"

LaTeX Font Info:    Font shape `TU/EBGaramond(0)/m/n' will be
(Font)              scaled to size 12.0pt on input line 63.

Package fontspec Info: 
(fontspec)             EBGaramond12-Regular scale = 0.9999968986285735.


Package fontspec Info: 
(fontspec)             EBGaramond12-Regular scale = 0.9999968986285735.


Package fontspec Info: 
(fontspec)             EBGaramond12-Regular scale = 0.9999968986285735.


Package fontspec Info: 
(fontspec)             EBGaramond12-Italic scale = 1.024995708481947.


Package fontspec Info: 
(fontspec)             EBGaramond12-Italic scale = 1.024995708481947.


Package fontspec Info: 
(fontspec)             Font family 'EBGaramond(1)' created for font
(fontspec)             'EBGaramond' with options
(fontspec)             [Scale=MatchLowercase,Path=../Templates/EB-Garamond/otf/,Extension=.otf,UprightFont=*12-Regular,ItalicFont=*12-Italic,RawFeature=+calt].
(fontspec)              
(fontspec)              This font family consists of the following NFSS
(fontspec)             series/shapes:
(fontspec)              
(fontspec)             - 'normal' (m/n) with NFSS spec.:
(fontspec)             <->s*[0.9999968986285735]"[../Templates/EB-Garamond/otf/EBGaramond12-Regular.otf]/OT:script=latn;language=dflt;+calt;"
(fontspec)             - 'small caps'  (m/sc) with NFSS spec.:
(fontspec)             <->s*[0.9999968986285735]"[../Templates/EB-Garamond/otf/EBGaramond12-Regular.otf]/OT:script=latn;language=dflt;+calt;+smcp;"
(fontspec)             - 'italic' (m/it) with NFSS spec.:
(fontspec)             <->s*[1.024995708481947]"[../Templates/EB-Garamond/otf/EBGaramond12-Italic.otf]/OT:script=latn;language=dflt;+calt;"
(fontspec)             - 'italic small caps'  (m/scit) with NFSS spec.:
(fontspec)             <->s*[1.024995708481947]"[../Templates/EB-Garamond/otf/EBGaramond12-Italic.otf]/OT:script=latn;language=dflt;+calt;+smcp;"

LaTeX Font Info:    Overwriting math alphabet `\mathrm' in version `normal'
(Font)                  OT1/lmr/m/n --> TU/EBGaramond(1)/m/n on input line 63.
LaTeX Font Info:    Overwriting math alphabet `\mathit' in version `normal'
(Font)                  OT1/lmr/m/it --> TU/EBGaramond(1)/m/it on input line 63.
LaTeX Font Info:    Overwriting math alphabet `\mathbf' in version `normal'
(Font)                  OT1/lmr/bx/n --> TU/EBGaramond(1)/b/n on input line 63.

Package fontspec Info: 
(fontspec)             CormorantGaramond-Light scale = 1.062171403723762.


Package fontspec Info: 
(fontspec)             CormorantGaramond-Light scale = 1.062171403723762.


Package fontspec Info: 
(fontspec)             CormorantGaramond-Light scale = 1.062171403723762.


Package fontspec Info: 
(fontspec)             CormorantGaramond-Bold scale = 1.062171403723762.


Package fontspec Info: 
(fontspec)             CormorantGaramond-Bold scale = 1.062171403723762.


Package fontspec Info: 
(fontspec)             CormorantGaramond-Italic scale = 1.062171403723762.


Package fontspec Info: 
(fontspec)             Font family 'CormorantGaramond(0)' created for font
(fontspec)             'CormorantGaramond' with options
(fontspec)             [Scale=MatchLowercase,Path=../Templates/Cormorant-Garamond/,Extension=.ttf,UprightFont=*-Light,ItalicFont=*-Italic,BoldFont=*-Bold].
(fontspec)              
(fontspec)              This font family consists of the following NFSS
(fontspec)             series/shapes:
(fontspec)              
(fontspec)             - 'normal' (m/n) with NFSS spec.:
(fontspec)             <->s*[1.062171403723762]"[../Templates/Cormorant-Garamond/CormorantGaramond-Light.ttf]/OT:script=latn;language=dflt;"
(fontspec)             - 'small caps'  (m/sc) with NFSS spec.:
(fontspec)             <->s*[1.062171403723762]"[../Templates/Cormorant-Garamond/CormorantGaramond-Light.ttf]/OT:script=latn;language=dflt;+smcp;"
(fontspec)             - 'bold' (b/n) with NFSS spec.:
(fontspec)             <->s*[1.062171403723762]"[../Templates/Cormorant-Garamond/CormorantGaramond-Bold.ttf]/OT:script=latn;language=dflt;"
(fontspec)             - 'bold small caps'  (b/sc) with NFSS spec.:
(fontspec)             <->s*[1.062171403723762]"[../Templates/Cormorant-Garamond/CormorantGaramond-Bold.ttf]/OT:script=latn;language=dflt;+smcp;"
(fontspec)             - 'italic' (m/it) with NFSS spec.:
(fontspec)             <->s*[1.062171403723762]"[../Templates/Cormorant-Garamond/CormorantGaramond-Italic.ttf]/OT:script=latn;language=dflt;"


Package fontspec Info: 
(fontspec)             RedactedScript-Regular scale = 0.9339367695404713.


Package fontspec Info: 
(fontspec)             RedactedScript-Regular scale = 0.9339367695404713.


Package fontspec Info: 
(fontspec)             RedactedScript-Bold scale = 0.9339367695404713.


Package fontspec Info: 
(fontspec)             RedactedScript-Light scale = 0.9339367695404713.


Package fontspec Info: 
(fontspec)             Font family 'RedactedScript(0)' created for font
(fontspec)             'RedactedScript' with options
(fontspec)             [Scale=MatchLowercase,Path=../Templates/Redacted-Script/,Extension=.ttf,UprightFont=*-Regular,ItalicFont=*-Light,BoldFont=*-Bold].
(fontspec)              
(fontspec)              This font family consists of the following NFSS
(fontspec)             series/shapes:
(fontspec)              
(fontspec)             - 'normal' (m/n) with NFSS spec.:
(fontspec)             <->s*[0.9339367695404713]"[../Templates/Redacted-Script/RedactedScript-Regular.ttf]/OT:language=dflt;"
(fontspec)             - 'bold' (b/n) with NFSS spec.:
(fontspec)             <->s*[0.9339367695404713]"[../Templates/Redacted-Script/RedactedScript-Bold.ttf]/OT:language=dflt;"
(fontspec)             - 'italic' (m/it) with NFSS spec.:
(fontspec)             <->s*[0.9339367695404713]"[../Templates/Redacted-Script/RedactedScript-Light.ttf]/OT:language=dflt;"

(c:/Users/cslau/AppData/Roaming/TinyTeX/texmf-dist/tex/latex/sectsty/sectsty.sty
Package: sectsty 2002/02/25 v2.0.2 Commands to change all sectional heading styles

LaTeX Warning: Command \underbar  has changed.
               Check if current package is valid.


LaTeX Warning: Command \underline  has changed.
               Check if current package is valid.

) (c:/Users/cslau/AppData/Roaming/TinyTeX/texmf-dist/tex/latex/titling/titling.sty
Package: titling 2009/09/04 v2.1d maketitle typesetting
\thanksmarkwidth=\skip54
\thanksmargin=\skip55
\droptitle=\skip56
) (c:/Users/cslau/AppData/Roaming/TinyTeX/texmf-dist/tex/latex/enumitem/enumitem.sty
Package: enumitem 2019/06/20 v3.9 Customized lists
\labelindent=\skip57
\enit@outerparindent=\dimen165
\enit@toks=\toks26
\enit@inbox=\box56
\enit@count@id=\count299
\enitdp@description=\count300
) (c:/Users/cslau/AppData/Roaming/TinyTeX/texmf-dist/tex/latex/adforn/adforn.sty
Package: adforn 2019/10/13 v1.1b adforn CFR
(c:/Users/cslau/AppData/Roaming/TinyTeX/texmf-dist/tex/latex/psnfss/pifont.sty
Package: pifont 2020/03/25 PSNFSS-v9.3 Pi font support (SPQR) 
LaTeX Font Info:    Trying to load font information for U+pzd on input line 63.
(c:/Users/cslau/AppData/Roaming/TinyTeX/texmf-dist/tex/latex/psnfss/upzd.fd
File: upzd.fd 2001/06/04 font definitions for U/pzd.
)
LaTeX Font Info:    Trying to load font information for U+psy on input line 64.
(c:/Users/cslau/AppData/Roaming/TinyTeX/texmf-dist/tex/latex/psnfss/upsy.fd
File: upsy.fd 2001/06/04 font definitions for U/psy.
))
LaTeX Font Info:    Trying to load font information for U+OrnementsADF on input line 4.
(c:/Users/cslau/AppData/Roaming/TinyTeX/texmf-dist/tex/latex/adforn/uornementsadf.fd)) (c:/Users/cslau/AppData/Roaming/TinyTeX/texmf-dist/tex/latex/caption/caption.sty
Package: caption 2023/08/05 v3.6o Customizing captions (AR)
(c:/Users/cslau/AppData/Roaming/TinyTeX/texmf-dist/tex/latex/caption/caption3.sty
Package: caption3 2023/07/31 v2.4d caption3 kernel (AR)
\caption@tempdima=\dimen166
\captionmargin=\dimen167
\caption@leftmargin=\dimen168
\caption@rightmargin=\dimen169
\caption@width=\dimen170
\caption@indent=\dimen171
\caption@parindent=\dimen172
\caption@hangindent=\dimen173
Package caption Info: Standard document class detected.
)
\c@caption@flags=\count301
\c@continuedfloat=\count302
) (c:/Users/cslau/AppData/Roaming/TinyTeX/texmf-dist/tex/latex/tabto-ltx/tabto.sty
Package: tabto 2018/12/28  v 1.4  Another tabbing mechanism
\CurrentLineWidth=\dimen174
\TabPrevPos=\dimen175
) (c:/Users/cslau/AppData/Roaming/TinyTeX/texmf-dist/tex/latex/tools/multicol.sty
Package: multicol 2024/05/23 v1.9h multicolumn formatting (FMi)
\c@tracingmulticols=\count303
\mult@box=\box57
\multicol@leftmargin=\dimen176
\c@unbalance=\count304
\c@collectmore=\count305
\doublecol@number=\count306
\multicoltolerance=\count307
\multicolpretolerance=\count308
\full@width=\dimen177
\page@free=\dimen178
\premulticols=\dimen179
\postmulticols=\dimen180
\multicolsep=\skip58
\multicolbaselineskip=\skip59
\partial@page=\box58
\last@line=\box59
\mc@boxedresult=\box60
\maxbalancingoverflow=\dimen181
\mult@rightbox=\box61
\mult@grightbox=\box62
\mult@firstbox=\box63
\mult@gfirstbox=\box64
\@tempa=\box65
\@tempa=\box66
\@tempa=\box67
\@tempa=\box68
\@tempa=\box69
\@tempa=\box70
\@tempa=\box71
\@tempa=\box72
\@tempa=\box73
\@tempa=\box74
\@tempa=\box75
\@tempa=\box76
\@tempa=\box77
\@tempa=\box78
\@tempa=\box79
\@tempa=\box80
\@tempa=\box81
\@tempa=\box82
\@tempa=\box83
\@tempa=\box84
\@tempa=\box85
\@tempa=\box86
\@tempa=\box87
\@tempa=\box88
\@tempa=\box89
\@tempa=\box90
\@tempa=\box91
\@tempa=\box92
\@tempa=\box93
\@tempa=\box94
\@tempa=\box95
\@tempa=\box96
\@tempa=\box97
\@tempa=\box98
\@tempa=\box99
\@tempa=\box100
\c@minrows=\count309
\c@columnbadness=\count310
\c@finalcolumnbadness=\count311
\last@try=\dimen182
\multicolovershoot=\dimen183
\multicolundershoot=\dimen184
\mult@nat@firstbox=\box101
\colbreak@box=\box102
\mc@col@check@num=\count312
) (c:/Users/cslau/AppData/Roaming/TinyTeX/texmf-dist/tex/latex/lettrine/lettrine.sty
File: lettrine.sty 2024-06-26 v2.61 (Daniel Flipo)
(c:/Users/cslau/AppData/Roaming/TinyTeX/texmf-dist/tex/latex/l3packages/xfp/xfp.sty
Package: xfp 2024-08-16 L3 Floating point unit
)
\c@DefaultLines=\count313
\c@DefaultDepth=\count314
\DefaultFindent=\dimen185
\DefaultNindent=\dimen186
\DefaultSlope=\dimen187
\DiscardVskip=\dimen188
\L@lettrine=\box103
\L@lbox=\box104
\L@tbox=\box105
\c@L@lines=\count315
\c@L@depth=\count316
\L@Pindent=\dimen189
\L@Findent=\dimen190
\L@Nindent=\dimen191
\L@lraise=\dimen192
\L@first=\dimen193
\L@next=\dimen194
\L@slope=\dimen195
\L@height=\dimen196
\L@novskip=\dimen197
\L@ruleht=\dimen198
\L@target@ht=\dimen199
\L@target@dp=\dimen256
\L@target@tht=\dimen257
\LettrineWidth=\dimen258
\LettrineHeight=\dimen259
\LettrineDepth=\dimen260
Loading lettrine.cfg
(c:/Users/cslau/AppData/Roaming/TinyTeX/texmf-dist/tex/latex/lettrine/lettrine.cfg)
\Llist@everypar=\toks27
) (c:/Users/cslau/AppData/Roaming/TinyTeX/texmf-dist/tex/latex/eso-pic/eso-pic.sty
Package: eso-pic 2023/05/03 v3.0c eso-pic (RN)
\ESO@tempdima=\dimen261
\ESO@tempdimb=\dimen262
) (c:/Users/cslau/AppData/Roaming/TinyTeX/texmf-dist/tex/latex/bookmark/bookmark.sty
Package: bookmark 2023-12-10 v1.31 PDF bookmarks (HO)
(c:/Users/cslau/AppData/Roaming/TinyTeX/texmf-dist/tex/latex/hyperref/hyperref.sty
Package: hyperref 2024-07-10 v7.01j Hypertext links for LaTeX
(c:/Users/cslau/AppData/Roaming/TinyTeX/texmf-dist/tex/generic/kvdefinekeys/kvdefinekeys.sty
Package: kvdefinekeys 2019-12-19 v1.6 Define keys (HO)
) (c:/Users/cslau/AppData/Roaming/TinyTeX/texmf-dist/tex/generic/pdfescape/pdfescape.sty
Package: pdfescape 2019/12/09 v1.15 Implements pdfTeX's escape features (HO)
(c:/Users/cslau/AppData/Roaming/TinyTeX/texmf-dist/tex/generic/pdftexcmds/pdftexcmds.sty
Package: pdftexcmds 2020-06-27 v0.33 Utility functions of pdfTeX for LuaTeX (HO)
(c:/Users/cslau/AppData/Roaming/TinyTeX/texmf-dist/tex/generic/infwarerr/infwarerr.sty
Package: infwarerr 2019/12/03 v1.5 Providing info/warning/error messages (HO)
)
Package pdftexcmds Info: \pdf@primitive is available.
Package pdftexcmds Info: \pdf@ifprimitive is available.
Package pdftexcmds Info: \pdfdraftmode not found.
)) (c:/Users/cslau/AppData/Roaming/TinyTeX/texmf-dist/tex/latex/hycolor/hycolor.sty
Package: hycolor 2020-01-27 v1.10 Color options for hyperref/bookmark (HO)
) (c:/Users/cslau/AppData/Roaming/TinyTeX/texmf-dist/tex/latex/hyperref/nameref.sty
Package: nameref 2023-11-26 v2.56 Cross-referencing by name of section
(c:/Users/cslau/AppData/Roaming/TinyTeX/texmf-dist/tex/latex/refcount/refcount.sty
Package: refcount 2019/12/15 v3.6 Data extraction from label references (HO)
) (c:/Users/cslau/AppData/Roaming/TinyTeX/texmf-dist/tex/generic/gettitlestring/gettitlestring.sty
Package: gettitlestring 2019/12/15 v1.6 Cleanup title references (HO)
)
\c@section@level=\count317
) (c:/Users/cslau/AppData/Roaming/TinyTeX/texmf-dist/tex/generic/stringenc/stringenc.sty
Package: stringenc 2019/11/29 v1.12 Convert strings between diff. encodings (HO)
)
\@linkdim=\dimen263
\Hy@linkcounter=\count318
\Hy@pagecounter=\count319
(c:/Users/cslau/AppData/Roaming/TinyTeX/texmf-dist/tex/latex/hyperref/pd1enc.def
File: pd1enc.def 2024-07-10 v7.01j Hyperref: PDFDocEncoding definition (HO)
) (c:/Users/cslau/AppData/Roaming/TinyTeX/texmf-dist/tex/generic/intcalc/intcalc.sty
Package: intcalc 2019/12/15 v1.3 Expandable calculations with integers (HO)
)
\Hy@SavedSpaceFactor=\count320
(c:/Users/cslau/AppData/Roaming/TinyTeX/texmf-dist/tex/latex/hyperref/puenc.def
File: puenc.def 2024-07-10 v7.01j Hyperref: PDF Unicode definition (HO)
)
Package hyperref Info: Option `unicode' set `true' on input line 4040.
Package hyperref Info: Hyper figures OFF on input line 4157.
Package hyperref Info: Link nesting OFF on input line 4162.
Package hyperref Info: Hyper index ON on input line 4165.
Package hyperref Info: Plain pages OFF on input line 4172.
Package hyperref Info: Backreferencing OFF on input line 4177.
Package hyperref Info: Implicit mode ON; LaTeX internals redefined.
Package hyperref Info: Bookmarks ON on input line 4424.
\c@Hy@tempcnt=\count321
(c:/Users/cslau/AppData/Roaming/TinyTeX/texmf-dist/tex/latex/url/url.sty
\Urlmuskip=\muskip19
Package: url 2013/09/16  ver 3.4  Verb mode for urls, etc.
)
LaTeX Info: Redefining \url on input line 4763.
\XeTeXLinkMargin=\dimen264
(c:/Users/cslau/AppData/Roaming/TinyTeX/texmf-dist/tex/generic/bitset/bitset.sty
Package: bitset 2019/12/09 v1.3 Handle bit-vector datatype (HO)
(c:/Users/cslau/AppData/Roaming/TinyTeX/texmf-dist/tex/generic/bigintcalc/bigintcalc.sty
Package: bigintcalc 2019/12/15 v1.5 Expandable calculations on big integers (HO)
))
\Fld@menulength=\count322
\Field@Width=\dimen265
\Fld@charsize=\dimen266
Package hyperref Info: Hyper figures OFF on input line 6042.
Package hyperref Info: Link nesting OFF on input line 6047.
Package hyperref Info: Hyper index ON on input line 6050.
Package hyperref Info: backreferencing OFF on input line 6057.
Package hyperref Info: Link coloring OFF on input line 6062.
Package hyperref Info: Link coloring with OCG OFF on input line 6067.
Package hyperref Info: PDF/A mode OFF on input line 6072.
(c:/Users/cslau/AppData/Roaming/TinyTeX/texmf-dist/tex/latex/base/atbegshi-ltx.sty
Package: atbegshi-ltx 2021/01/10 v1.0c Emulation of the original atbegshi
package with kernel methods
)
\Hy@abspage=\count323
\c@Item=\count324
\c@Hfootnote=\count325
)
Package hyperref Info: Driver (autodetected): hxetex.
(c:/Users/cslau/AppData/Roaming/TinyTeX/texmf-dist/tex/latex/hyperref/hxetex.def
File: hxetex.def 2024-07-10 v7.01j Hyperref driver for XeTeX
\pdfm@box=\box106
\c@Hy@AnnotLevel=\count326
\HyField@AnnotCount=\count327
\Fld@listcount=\count328
\c@bookmark@seq@number=\count329
(c:/Users/cslau/AppData/Roaming/TinyTeX/texmf-dist/tex/latex/rerunfilecheck/rerunfilecheck.sty
Package: rerunfilecheck 2022-07-10 v1.10 Rerun checks for auxiliary files (HO)
(c:/Users/cslau/AppData/Roaming/TinyTeX/texmf-dist/tex/latex/base/atveryend-ltx.sty
Package: atveryend-ltx 2020/08/19 v1.0a Emulation of the original atveryend package
with kernel methods
) (c:/Users/cslau/AppData/Roaming/TinyTeX/texmf-dist/tex/generic/uniquecounter/uniquecounter.sty
Package: uniquecounter 2019/12/15 v1.4 Provide unlimited unique counter (HO)
)
Package uniquecounter Info: New unique counter `rerunfilecheck' on input line 285.
)
\Hy@SectionHShift=\skip60
) (c:/Users/cslau/AppData/Roaming/TinyTeX/texmf-dist/tex/latex/bookmark/bkm-dvipdfm.def
File: bkm-dvipdfm.def 2023-12-10 v1.31 bookmark driver for dvipdfm (HO)
\BKM@id=\count330
)) (c:/Users/cslau/AppData/Roaming/TinyTeX/texmf-dist/tex/latex/xurl/xurl.sty
Package: xurl 2022/01/09 v 0.10 modify URL breaks
) (./Editor-instructions.aux)
\openout1 = `Editor-instructions.aux'.

LaTeX Font Info:    Checking defaults for OML/cmm/m/it on input line 232.
LaTeX Font Info:    ... okay on input line 232.
LaTeX Font Info:    Checking defaults for OMS/cmsy/m/n on input line 232.
LaTeX Font Info:    ... okay on input line 232.
LaTeX Font Info:    Checking defaults for OT1/cmr/m/n on input line 232.
LaTeX Font Info:    ... okay on input line 232.
LaTeX Font Info:    Checking defaults for T1/cmr/m/n on input line 232.
LaTeX Font Info:    ... okay on input line 232.
LaTeX Font Info:    Checking defaults for TS1/cmr/m/n on input line 232.
LaTeX Font Info:    ... okay on input line 232.
LaTeX Font Info:    Checking defaults for TU/lmr/m/n on input line 232.
LaTeX Font Info:    ... okay on input line 232.
LaTeX Font Info:    Checking defaults for OMX/cmex/m/n on input line 232.
LaTeX Font Info:    ... okay on input line 232.
LaTeX Font Info:    Checking defaults for U/cmr/m/n on input line 232.
LaTeX Font Info:    ... okay on input line 232.
LaTeX Font Info:    Checking defaults for PD1/pdf/m/n on input line 232.
LaTeX Font Info:    ... okay on input line 232.
LaTeX Font Info:    Checking defaults for PU/pdf/m/n on input line 232.
LaTeX Font Info:    ... okay on input line 232.
LaTeX Font Info:    Overwriting math alphabet `\mathsf' in version `normal'
(Font)                  OT1/lmss/m/n --> TU/lmss/m/n on input line 232.
LaTeX Font Info:    Overwriting math alphabet `\mathsf' in version `bold'
(Font)                  OT1/lmss/bx/n --> TU/lmss/b/n on input line 232.
LaTeX Font Info:    Overwriting math alphabet `\mathtt' in version `normal'
(Font)                  OT1/lmtt/m/n --> TU/lmtt/m/n on input line 232.
LaTeX Font Info:    Overwriting math alphabet `\mathtt' in version `bold'
(Font)                  OT1/lmtt/m/n --> TU/lmtt/b/n on input line 232.

Package fontspec Info: 
(fontspec)             latinmodern-math scale = 0.9512734803940369.


Package fontspec Info: 
(fontspec)             latinmodern-math scale = 0.9512734803940369.


Package fontspec Info: 
(fontspec)             latinmodern-math scale = 0.9512734803940369.


Package fontspec Info: 
(fontspec)             Font family 'latinmodern-math.otf(0)' created for font
(fontspec)             'latinmodern-math.otf' with options
(fontspec)             [Scale=MatchLowercase,BoldItalicFont={},ItalicFont={},SmallCapsFont={},Script=Math,BoldFont={latinmodern-math.otf}].
(fontspec)              
(fontspec)              This font family consists of the following NFSS
(fontspec)             series/shapes:
(fontspec)              
(fontspec)             - 'normal' (m/n) with NFSS spec.:
(fontspec)             <->s*[0.9512734803940369]"[latinmodern-math.otf]/OT:script=math;language=dflt;"
(fontspec)             - 'bold' (b/n) with NFSS spec.:
(fontspec)             <->s*[0.9512734803940369]"[latinmodern-math.otf]/OT:script=math;language=dflt;"

LaTeX Font Info:    Font shape `TU/latinmodern-math.otf(0)/m/n' will be
(Font)              scaled to size 11.41534pt on input line 232.

Package fontspec Info: 
(fontspec)             latinmodern-math scale = 0.9512734803940369.


Package fontspec Info: 
(fontspec)             latinmodern-math scale = 0.9512734803940369.


Package fontspec Info: 
(fontspec)             latinmodern-math scale = 0.9512734803940369.


Package fontspec Info: 
(fontspec)             latinmodern-math scale = 0.9512734803940369.


Package fontspec Info: 
(fontspec)             latinmodern-math scale = 0.9512734803940369.


Package fontspec Info: 
(fontspec)             Font family 'latinmodern-math.otf(1)' created for font
(fontspec)             'latinmodern-math.otf' with options
(fontspec)             [Scale=MatchLowercase,BoldItalicFont={},ItalicFont={},SmallCapsFont={},Script=Math,SizeFeatures={{Size=10.2-},{Size=7.2-10.2,Font=latinmodern-math.otf,Style=MathScript},{Size=-7.2,Font=latinmodern-math.otf,Style=MathScriptScript}},BoldFont={latinmodern-math.otf}].
(fontspec)              
(fontspec)              This font family consists of the following NFSS
(fontspec)             series/shapes:
(fontspec)              
(fontspec)             - 'normal' (m/n) with NFSS spec.:
(fontspec)             <10.2->s*[0.9512734803940369]"[latinmodern-math.otf]/OT:script=math;language=dflt;"<7.2-10.2>s*[0.9512734803940369]"[latinmodern-math.otf]/OT:script=math;language=dflt;+ssty=0;"<-7.2>s*[0.9512734803940369]"[latinmodern-math.otf]/OT:script=math;language=dflt;+ssty=1;"
(fontspec)             - 'bold' (b/n) with NFSS spec.:
(fontspec)             <->s*[0.9512734803940369]"[latinmodern-math.otf]/OT:script=math;language=dflt;"

LaTeX Font Info:    Font shape `TU/latinmodern-math.otf(1)/m/n' will be
(Font)              scaled to size 11.41534pt on input line 232.
LaTeX Font Info:    Encoding `OT1' has changed to `TU' for symbol font
(Font)              `operators' in the math version `normal' on input line 232.
LaTeX Font Info:    Overwriting symbol font `operators' in version `normal'
(Font)                  OT1/lmr/m/n --> TU/latinmodern-math.otf(1)/m/n on input line 232.
LaTeX Font Info:    Encoding `OT1' has changed to `TU' for symbol font
(Font)              `operators' in the math version `bold' on input line 232.
LaTeX Font Info:    Overwriting symbol font `operators' in version `bold'
(Font)                  OT1/lmr/bx/n --> TU/latinmodern-math.otf(1)/b/n on input line 232.

Package fontspec Info: 
(fontspec)             latinmodern-math scale = 0.9512734803940369.


Package fontspec Info: 
(fontspec)             latinmodern-math scale = 0.9513686077420763.


Package fontspec Info: 
(fontspec)             latinmodern-math scale = 0.9512734803940369.


Package fontspec Info: 
(fontspec)             latinmodern-math scale = 0.9513686077420763.


Package fontspec Info: 
(fontspec)             latinmodern-math scale = 0.9512734803940369.


Package fontspec Info: 
(fontspec)             latinmodern-math scale = 0.9513686077420763.


Package fontspec Info: 
(fontspec)             latinmodern-math scale = 0.9512734803940369.


Package fontspec Info: 
(fontspec)             latinmodern-math scale = 0.9513686077420763.


Package fontspec Info: 
(fontspec)             latinmodern-math scale = 0.9512734803940369.


Package fontspec Info: 
(fontspec)             latinmodern-math scale = 0.9513686077420763.


Package fontspec Info: 
(fontspec)             Font family 'latinmodern-math.otf(2)' created for font
(fontspec)             'latinmodern-math.otf' with options
(fontspec)             [Scale=MatchLowercase,BoldItalicFont={},ItalicFont={},SmallCapsFont={},Script=Math,SizeFeatures={{Size=10.2-},{Size=7.2-10.2,Font=latinmodern-math.otf,Style=MathScript},{Size=-7.2,Font=latinmodern-math.otf,Style=MathScriptScript}},BoldFont={latinmodern-math.otf},ScaleAgain=1.0001,FontAdjustment={\fontdimen
(fontspec)             8\font =7.7282pt\relax \fontdimen 9\font
(fontspec)             =4.49765pt\relax \fontdimen 10\font =5.06842pt\relax
(fontspec)             \fontdimen 11\font =7.83093pt\relax \fontdimen 12\font
(fontspec)             =3.9383pt\relax \fontdimen 13\font =4.14377pt\relax
(fontspec)             \fontdimen 14\font =4.14377pt\relax \fontdimen 15\font
(fontspec)             =3.29904pt\relax \fontdimen 16\font =2.8196pt\relax
(fontspec)             \fontdimen 17\font =2.8196pt\relax \fontdimen 18\font
(fontspec)             =2.85384pt\relax \fontdimen 19\font =2.28307pt\relax
(fontspec)             \fontdimen 22\font =2.85384pt\relax \fontdimen 20\font
(fontspec)             =0pt\relax \fontdimen 21\font =0pt\relax }].
(fontspec)              
(fontspec)              This font family consists of the following NFSS
(fontspec)             series/shapes:
(fontspec)              
(fontspec)             - 'normal' (m/n) with NFSS spec.:
(fontspec)             <10.2->s*[0.9513686077420763]"[latinmodern-math.otf]/OT:script=math;language=dflt;"<7.2-10.2>s*[0.9513686077420763]"[latinmodern-math.otf]/OT:script=math;language=dflt;+ssty=0;"<-7.2>s*[0.9513686077420763]"[latinmodern-math.otf]/OT:script=math;language=dflt;+ssty=1;"
(fontspec)             - 'bold' (b/n) with NFSS spec.:
(fontspec)             <->s*[0.9513686077420763]"[latinmodern-math.otf]/OT:script=math;language=dflt;"

LaTeX Font Info:    Encoding `OMS' has changed to `TU' for symbol font
(Font)              `symbols' in the math version `normal' on input line 232.
LaTeX Font Info:    Overwriting symbol font `symbols' in version `normal'
(Font)                  OMS/lmsy/m/n --> TU/latinmodern-math.otf(2)/m/n on input line 232.
LaTeX Font Info:    Encoding `OMS' has changed to `TU' for symbol font
(Font)              `symbols' in the math version `bold' on input line 232.
LaTeX Font Info:    Overwriting symbol font `symbols' in version `bold'
(Font)                  OMS/lmsy/b/n --> TU/latinmodern-math.otf(2)/b/n on input line 232.

Package fontspec Info: 
(fontspec)             latinmodern-math scale = 0.9512734803940369.


Package fontspec Info: 
(fontspec)             latinmodern-math scale = 0.9511783530459975.


Package fontspec Info: 
(fontspec)             latinmodern-math scale = 0.9512734803940369.


Package fontspec Info: 
(fontspec)             latinmodern-math scale = 0.9511783530459975.


Package fontspec Info: 
(fontspec)             latinmodern-math scale = 0.9512734803940369.


Package fontspec Info: 
(fontspec)             latinmodern-math scale = 0.9511783530459975.


Package fontspec Info: 
(fontspec)             latinmodern-math scale = 0.9512734803940369.


Package fontspec Info: 
(fontspec)             latinmodern-math scale = 0.9511783530459975.


Package fontspec Info: 
(fontspec)             latinmodern-math scale = 0.9512734803940369.


Package fontspec Info: 
(fontspec)             latinmodern-math scale = 0.9511783530459975.


Package fontspec Info: 
(fontspec)             Font family 'latinmodern-math.otf(3)' created for font
(fontspec)             'latinmodern-math.otf' with options
(fontspec)             [Scale=MatchLowercase,BoldItalicFont={},ItalicFont={},SmallCapsFont={},Script=Math,SizeFeatures={{Size=10.2-},{Size=7.2-10.2,Font=latinmodern-math.otf,Style=MathScript},{Size=-7.2,Font=latinmodern-math.otf,Style=MathScriptScript}},BoldFont={latinmodern-math.otf},ScaleAgain=0.9999,FontAdjustment={\fontdimen
(fontspec)             8\font =0.45662pt\relax \fontdimen 9\font
(fontspec)             =2.28307pt\relax \fontdimen 10\font =1.90636pt\relax
(fontspec)             \fontdimen 11\font =1.2671pt\relax \fontdimen 12\font
(fontspec)             =6.84921pt\relax \fontdimen 13\font =0pt\relax }].
(fontspec)              
(fontspec)              This font family consists of the following NFSS
(fontspec)             series/shapes:
(fontspec)              
(fontspec)             - 'normal' (m/n) with NFSS spec.:
(fontspec)             <10.2->s*[0.9511783530459975]"[latinmodern-math.otf]/OT:script=math;language=dflt;"<7.2-10.2>s*[0.9511783530459975]"[latinmodern-math.otf]/OT:script=math;language=dflt;+ssty=0;"<-7.2>s*[0.9511783530459975]"[latinmodern-math.otf]/OT:script=math;language=dflt;+ssty=1;"
(fontspec)             - 'bold' (b/n) with NFSS spec.:
(fontspec)             <->s*[0.9511783530459975]"[latinmodern-math.otf]/OT:script=math;language=dflt;"

LaTeX Font Info:    Encoding `OMX' has changed to `TU' for symbol font
(Font)              `largesymbols' in the math version `normal' on input line 232.
LaTeX Font Info:    Overwriting symbol font `largesymbols' in version `normal'
(Font)                  OMX/lmex/m/n --> TU/latinmodern-math.otf(3)/m/n on input line 232.
LaTeX Font Info:    Encoding `OMX' has changed to `TU' for symbol font
(Font)              `largesymbols' in the math version `bold' on input line 232.
LaTeX Font Info:    Overwriting symbol font `largesymbols' in version `bold'
(Font)                  OMX/lmex/m/n --> TU/latinmodern-math.otf(3)/b/n on input line 232.
LaTeX Info: Redefining \microtypecontext on input line 232.
Package microtype Info: Applying patch `item' on input line 232.
Package microtype Info: Applying patch `toc' on input line 232.
Package microtype Info: Applying patch `eqnum' on input line 232.
Package microtype Info: Applying patch `footnote' on input line 232.
Package microtype Info: Applying patch `verbatim' on input line 232.
Package microtype Info: Character protrusion enabled (level 2).
Package microtype Info: Using protrusion set `basicmath'.
Package microtype Info: No adjustment of tracking.
Package microtype Info: No adjustment of spacing.
Package microtype Info: No adjustment of kerning.
(c:/Users/cslau/AppData/Roaming/TinyTeX/texmf-dist/tex/latex/microtype/mt-EBGaramond.cfg
File: mt-EBGaramond.cfg 2021/10/25 v2.0 microtype config. file: EB Garamond / Adobe Garamond (RS)
)
Package microtype Info: Character `Ҫ' is missing
(microtype)             in font `\TU/EBGaramond(0)/m/n/12'.
(microtype)             Ignoring protrusion settings for this character.
Package microtype Info: Character `Ң' is missing
(microtype)             in font `\TU/EBGaramond(0)/m/n/12'.
(microtype)             Ignoring protrusion settings for this character.
Package microtype Info: Character `Ӊ' is missing
(microtype)             in font `\TU/EBGaramond(0)/m/n/12'.
(microtype)             Ignoring protrusion settings for this character.
Package microtype Info: Character `Ӈ' is missing
(microtype)             in font `\TU/EBGaramond(0)/m/n/12'.
(microtype)             Ignoring protrusion settings for this character.
Package microtype Info: Character `Ӎ' is missing
(microtype)             in font `\TU/EBGaramond(0)/m/n/12'.
(microtype)             Ignoring protrusion settings for this character.
Package microtype Info: Character `Ҏ' is missing
(microtype)             in font `\TU/EBGaramond(0)/m/n/12'.
(microtype)             Ignoring protrusion settings for this character.
Package microtype Info: Character `Ҭ' is missing
(microtype)             in font `\TU/EBGaramond(0)/m/n/12'.
(microtype)             Ignoring protrusion settings for this character.
Package microtype Info: Character `Ҳ' is missing
(microtype)             in font `\TU/EBGaramond(0)/m/n/12'.
(microtype)             Ignoring protrusion settings for this character.
Package microtype Info: Character `Ӽ' is missing
(microtype)             in font `\TU/EBGaramond(0)/m/n/12'.
(microtype)             Ignoring protrusion settings for this character.
Package microtype Info: Character `Ӿ' is missing
(microtype)             in font `\TU/EBGaramond(0)/m/n/12'.
(microtype)             Ignoring protrusion settings for this character.
Package microtype Info: Character `ҫ' is missing
(microtype)             in font `\TU/EBGaramond(0)/m/n/12'.
(microtype)             Ignoring protrusion settings for this character.
Package microtype Info: Character `ԧ' is missing
(microtype)             in font `\TU/EBGaramond(0)/m/n/12'.
(microtype)             Ignoring protrusion settings for this character.
Package microtype Info: Character `ԧ' is missing
(microtype)             in font `\TU/EBGaramond(0)/m/n/12'.
(microtype)             Ignoring protrusion settings for this character.
Package microtype Info: Character `ӏ' is missing
(microtype)             in font `\TU/EBGaramond(0)/m/n/12'.
(microtype)             Ignoring protrusion settings for this character.
Package microtype Info: Character `ҏ' is missing
(microtype)             in font `\TU/EBGaramond(0)/m/n/12'.
(microtype)             Ignoring protrusion settings for this character.
Package microtype Info: Character `ҳ' is missing
(microtype)             in font `\TU/EBGaramond(0)/m/n/12'.
(microtype)             Ignoring protrusion settings for this character.
Package microtype Info: Character `Ғ' is missing
(microtype)             in font `\TU/EBGaramond(0)/m/n/12'.
(microtype)             Ignoring protrusion settings for this character.
Package microtype Info: Character `Ӷ' is missing
(microtype)             in font `\TU/EBGaramond(0)/m/n/12'.
(microtype)             Ignoring protrusion settings for this character.
Package microtype Info: Character `Җ' is missing
(microtype)             in font `\TU/EBGaramond(0)/m/n/12'.
(microtype)             Ignoring protrusion settings for this character.
Package microtype Info: Character `Ѫ' is missing
(microtype)             in font `\TU/EBGaramond(0)/m/n/12'.
(microtype)             Ignoring protrusion settings for this character.
Package microtype Info: Character `Ҙ' is missing
(microtype)             in font `\TU/EBGaramond(0)/m/n/12'.
(microtype)             Ignoring protrusion settings for this character.
Package microtype Info: Character `Ҋ' is missing
(microtype)             in font `\TU/EBGaramond(0)/m/n/12'.
(microtype)             Ignoring protrusion settings for this character.
Package microtype Info: Character `Қ' is missing
(microtype)             in font `\TU/EBGaramond(0)/m/n/12'.
(microtype)             Ignoring protrusion settings for this character.
Package microtype Info: Character `Ҝ' is missing
(microtype)             in font `\TU/EBGaramond(0)/m/n/12'.
(microtype)             Ignoring protrusion settings for this character.
Package microtype Info: Character `Ҟ' is missing
(microtype)             in font `\TU/EBGaramond(0)/m/n/12'.
(microtype)             Ignoring protrusion settings for this character.
Package microtype Info: Character `Ҡ' is missing
(microtype)             in font `\TU/EBGaramond(0)/m/n/12'.
(microtype)             Ignoring protrusion settings for this character.
Package microtype Info: Character `Ӄ' is missing
(microtype)             in font `\TU/EBGaramond(0)/m/n/12'.
(microtype)             Ignoring protrusion settings for this character.
Package microtype Info: Character `Ӆ' is missing
(microtype)             in font `\TU/EBGaramond(0)/m/n/12'.
(microtype)             Ignoring protrusion settings for this character.
Package microtype Info: Character `Ԓ' is missing
(microtype)             in font `\TU/EBGaramond(0)/m/n/12'.
(microtype)             Ignoring protrusion settings for this character.
Package microtype Info: Character `Ԯ' is missing
(microtype)             in font `\TU/EBGaramond(0)/m/n/12'.
(microtype)             Ignoring protrusion settings for this character.
Package microtype Info: Character `Ԥ' is missing
(microtype)             in font `\TU/EBGaramond(0)/m/n/12'.
(microtype)             Ignoring protrusion settings for this character.
Package microtype Info: Character `Ҵ' is missing
(microtype)             in font `\TU/EBGaramond(0)/m/n/12'.
(microtype)             Ignoring protrusion settings for this character.
Package microtype Info: Character `Ҷ' is missing
(microtype)             in font `\TU/EBGaramond(0)/m/n/12'.
(microtype)             Ignoring protrusion settings for this character.
Package microtype Info: Character `Ҹ' is missing
(microtype)             in font `\TU/EBGaramond(0)/m/n/12'.
(microtype)             Ignoring protrusion settings for this character.
Package microtype Info: Character `Ӌ' is missing
(microtype)             in font `\TU/EBGaramond(0)/m/n/12'.
(microtype)             Ignoring protrusion settings for this character.
Package microtype Info: Character `Ҍ' is missing
(microtype)             in font `\TU/EBGaramond(0)/m/n/12'.
(microtype)             Ignoring protrusion settings for this character.
Package microtype Info: Character `Ҽ' is missing
(microtype)             in font `\TU/EBGaramond(0)/m/n/12'.
(microtype)             Ignoring protrusion settings for this character.
Package microtype Info: Character `ғ' is missing
(microtype)             in font `\TU/EBGaramond(0)/m/n/12'.
(microtype)             Ignoring protrusion settings for this character.
Package microtype Info: Character `ӷ' is missing
(microtype)             in font `\TU/EBGaramond(0)/m/n/12'.
(microtype)             Ignoring protrusion settings for this character.
Package microtype Info: Character `җ' is missing
(microtype)             in font `\TU/EBGaramond(0)/m/n/12'.
(microtype)             Ignoring protrusion settings for this character.
Package microtype Info: Character `ѫ' is missing
(microtype)             in font `\TU/EBGaramond(0)/m/n/12'.
(microtype)             Ignoring protrusion settings for this character.
Package microtype Info: Character `ҙ' is missing
(microtype)             in font `\TU/EBGaramond(0)/m/n/12'.
(microtype)             Ignoring protrusion settings for this character.
Package microtype Info: Character `ҋ' is missing
(microtype)             in font `\TU/EBGaramond(0)/m/n/12'.
(microtype)             Ignoring protrusion settings for this character.
Package microtype Info: Character `қ' is missing
(microtype)             in font `\TU/EBGaramond(0)/m/n/12'.
(microtype)             Ignoring protrusion settings for this character.
Package microtype Info: Character `ҝ' is missing
(microtype)             in font `\TU/EBGaramond(0)/m/n/12'.
(microtype)             Ignoring protrusion settings for this character.
Package microtype Info: Character `ӄ' is missing
(microtype)             in font `\TU/EBGaramond(0)/m/n/12'.
(microtype)             Ignoring protrusion settings for this character.
Package microtype Info: Character `ӆ' is missing
(microtype)             in font `\TU/EBGaramond(0)/m/n/12'.
(microtype)             Ignoring protrusion settings for this character.
Package microtype Info: Character `ԓ' is missing
(microtype)             in font `\TU/EBGaramond(0)/m/n/12'.
(microtype)             Ignoring protrusion settings for this character.
Package microtype Info: Character `ԯ' is missing
(microtype)             in font `\TU/EBGaramond(0)/m/n/12'.
(microtype)             Ignoring protrusion settings for this character.
Package microtype Info: Character `ӎ' is missing
(microtype)             in font `\TU/EBGaramond(0)/m/n/12'.
(microtype)             Ignoring protrusion settings for this character.
Package microtype Info: Character `ң' is missing
(microtype)             in font `\TU/EBGaramond(0)/m/n/12'.
(microtype)             Ignoring protrusion settings for this character.
Package microtype Info: Character `ӈ' is missing
(microtype)             in font `\TU/EBGaramond(0)/m/n/12'.
(microtype)             Ignoring protrusion settings for this character.
Package microtype Info: Character `ӊ' is missing
(microtype)             in font `\TU/EBGaramond(0)/m/n/12'.
(microtype)             Ignoring protrusion settings for this character.
Package microtype Info: Character `ԩ' is missing
(microtype)             in font `\TU/EBGaramond(0)/m/n/12'.
(microtype)             Ignoring protrusion settings for this character.
Package microtype Info: Character `ԥ' is missing
(microtype)             in font `\TU/EBGaramond(0)/m/n/12'.
(microtype)             Ignoring protrusion settings for this character.
Package microtype Info: Character `ҭ' is missing
(microtype)             in font `\TU/EBGaramond(0)/m/n/12'.
(microtype)             Ignoring protrusion settings for this character.
Package microtype Info: Character `ҵ' is missing
(microtype)             in font `\TU/EBGaramond(0)/m/n/12'.
(microtype)             Ignoring protrusion settings for this character.
Package microtype Info: Character `ҷ' is missing
(microtype)             in font `\TU/EBGaramond(0)/m/n/12'.
(microtype)             Ignoring protrusion settings for this character.
Package microtype Info: Character `ҹ' is missing
(microtype)             in font `\TU/EBGaramond(0)/m/n/12'.
(microtype)             Ignoring protrusion settings for this character.
Package microtype Info: Character `ӌ' is missing
(microtype)             in font `\TU/EBGaramond(0)/m/n/12'.
(microtype)             Ignoring protrusion settings for this character.
Package microtype Info: Character `ҽ' is missing
(microtype)             in font `\TU/EBGaramond(0)/m/n/12'.
(microtype)             Ignoring protrusion settings for this character.

Package microtype Warning: Unknown slot number of character
(microtype)                `/one.tosf'
(microtype)                in font encoding `TU' in protrusion list
(microtype)                `EBGaramond-TU'.


Package microtype Warning: Unknown slot number of character
(microtype)                `/two.tosf'
(microtype)                in font encoding `TU' in protrusion list
(microtype)                `EBGaramond-TU'.


Package microtype Warning: Unknown slot number of character
(microtype)                `/three.tosf'
(microtype)                in font encoding `TU' in protrusion list
(microtype)                `EBGaramond-TU'.


Package microtype Warning: Unknown slot number of character
(microtype)                `/four.tosf'
(microtype)                in font encoding `TU' in protrusion list
(microtype)                `EBGaramond-TU'.


Package microtype Warning: Unknown slot number of character
(microtype)                `/five.tosf'
(microtype)                in font encoding `TU' in protrusion list
(microtype)                `EBGaramond-TU'.


Package microtype Warning: Unknown slot number of character
(microtype)                `/six.tosf'
(microtype)                in font encoding `TU' in protrusion list
(microtype)                `EBGaramond-TU'.


Package microtype Warning: Unknown slot number of character
(microtype)                `/seven.tosf'
(microtype)                in font encoding `TU' in protrusion list
(microtype)                `EBGaramond-TU'.


Package microtype Warning: Unknown slot number of character
(microtype)                `/eight.tosf'
(microtype)                in font encoding `TU' in protrusion list
(microtype)                `EBGaramond-TU'.


Package microtype Warning: Unknown slot number of character
(microtype)                `/nine.tosf'
(microtype)                in font encoding `TU' in protrusion list
(microtype)                `EBGaramond-TU'.


Package microtype Warning: Unknown slot number of character
(microtype)                `/one.lf'
(microtype)                in font encoding `TU' in protrusion list
(microtype)                `EBGaramond-TU'.


Package microtype Warning: Unknown slot number of character
(microtype)                `/two.lf'
(microtype)                in font encoding `TU' in protrusion list
(microtype)                `EBGaramond-TU'.


Package microtype Warning: Unknown slot number of character
(microtype)                `/four.lf'
(microtype)                in font encoding `TU' in protrusion list
(microtype)                `EBGaramond-TU'.


Package microtype Warning: Unknown slot number of character
(microtype)                `/seven.lf'
(microtype)                in font encoding `TU' in protrusion list
(microtype)                `EBGaramond-TU'.


Package microtype Warning: Unknown slot number of character
(microtype)                `/one.osf'
(microtype)                in font encoding `TU' in protrusion list
(microtype)                `EBGaramond-TU'.


Package microtype Warning: Unknown slot number of character
(microtype)                `/two.osf'
(microtype)                in font encoding `TU' in protrusion list
(microtype)                `EBGaramond-TU'.


Package microtype Warning: Unknown slot number of character
(microtype)                `/four.osf'
(microtype)                in font encoding `TU' in protrusion list
(microtype)                `EBGaramond-TU'.


Package microtype Warning: Unknown slot number of character
(microtype)                `/seven.osf'
(microtype)                in font encoding `TU' in protrusion list
(microtype)                `EBGaramond-TU'.

Package microtype Info: Character `₡' is missing
(microtype)             in font `\TU/EBGaramond(0)/m/n/12'.
(microtype)             Ignoring protrusion settings for this character.
*geometry* driver: auto-detecting
*geometry* detected driver: xetex
*geometry* verbose mode - [ preamble ] result:
* driver: xetex
* paper: <default>
* layout: <same size as paper>
* layoutoffset:(h,v)=(0.0pt,0.0pt)
* modes: twoside 
* h-part:(L,W,R)=(90.3375pt, 433.62001pt, 90.3375pt)
* v-part:(T,H,B)=(72.26999pt, 650.43001pt, 72.26999pt)
* \paperwidth=614.295pt
* \paperheight=794.96999pt
* \textwidth=433.62001pt
* \textheight=650.43001pt
* \oddsidemargin=18.0675pt
* \evensidemargin=18.0675pt
* \topmargin=-37.0pt
* \headheight=12.0pt
* \headsep=25.0pt
* \topskip=12.0pt
* \footskip=30.0pt
* \marginparwidth=95.0pt
* \marginparsep=10.0pt
* \columnsep=30.0pt
* \skip\footins=10.8pt plus 4.0pt minus 2.0pt
* \hoffset=0.0pt
* \voffset=0.0pt
* \mag=1000
* \@twocolumnfalse
* \@twosidetrue
* \@mparswitchtrue
* \@reversemarginfalse
* (1in=72.27pt=25.4mm, 1cm=28.453pt)

Package caption Info: Begin \AtBeginDocument code.
Package caption Info: hyperref package is loaded.
Package caption Info: End \AtBeginDocument code.
Package hyperref Info: Link coloring OFF on input line 232.
LaTeX Font Info:    Font shape `TU/EBGaramond(0)/m/n' will be
(Font)              scaled to size 48.0pt on input line 235.
LaTeX Font Info:    Font shape `TU/latinmodern-math.otf(1)/m/n' will be
(Font)              scaled to size 7.99072pt on input line 238.
LaTeX Font Info:    Font shape `TU/latinmodern-math.otf(1)/m/n' will be
(Font)              scaled to size 5.70767pt on input line 238.
LaTeX Font Info:    Trying to load font information for OML+lmm on input line 238.
(c:/Users/cslau/AppData/Roaming/TinyTeX/texmf-dist/tex/latex/lm/omllmm.fd
File: omllmm.fd 2015/05/01 v1.6.1 Font defs for Latin Modern
)
LaTeX Font Info:    Font shape `TU/latinmodern-math.otf(2)/m/n' will be
(Font)              scaled to size 11.41644pt on input line 238.
LaTeX Font Info:    Font shape `TU/latinmodern-math.otf(2)/m/n' will be
(Font)              scaled to size 7.9915pt on input line 238.
LaTeX Font Info:    Font shape `TU/latinmodern-math.otf(2)/m/n' will be
(Font)              scaled to size 5.70822pt on input line 238.
LaTeX Font Info:    Font shape `TU/latinmodern-math.otf(3)/m/n' will be
(Font)              scaled to size 11.41406pt on input line 238.
LaTeX Font Info:    Font shape `TU/latinmodern-math.otf(3)/m/n' will be
(Font)              scaled to size 7.98984pt on input line 238.
LaTeX Font Info:    Font shape `TU/latinmodern-math.otf(3)/m/n' will be
(Font)              scaled to size 5.70703pt on input line 238.
LaTeX Font Info:    Trying to load font information for U+msa on input line 238.
(c:/Users/cslau/AppData/Roaming/TinyTeX/texmf-dist/tex/latex/amsfonts/umsa.fd
File: umsa.fd 2013/01/14 v3.01 AMS symbols A
) (c:/Users/cslau/AppData/Roaming/TinyTeX/texmf-dist/tex/latex/microtype/mt-msa.cfg
File: mt-msa.cfg 2006/02/04 v1.1 microtype config. file: AMS symbols (a) (RS)
)
LaTeX Font Info:    Trying to load font information for U+msb on input line 238.
(c:/Users/cslau/AppData/Roaming/TinyTeX/texmf-dist/tex/latex/amsfonts/umsb.fd
File: umsb.fd 2013/01/14 v3.01 AMS symbols B
) (c:/Users/cslau/AppData/Roaming/TinyTeX/texmf-dist/tex/latex/microtype/mt-msb.cfg
File: mt-msb.cfg 2005/06/01 v1.0 microtype config. file: AMS symbols (b) (RS)
)
LaTeX Font Info:    Font shape `TU/EBGaramond(0)/m/n' will be
(Font)              scaled to size 8.4pt on input line 238.
LaTeX Font Info:    Font shape `TU/CormorantGaramond(0)/m/n' will be
(Font)              scaled to size 12.74597pt on input line 241.
LaTeX Font Info:    Font shape `TU/CormorantGaramond(0)/m/n' will be
(Font)              scaled to size 15.29515pt on input line 241.
LaTeX Font Info:    Font shape `TU/CormorantGaramond(0)/b/n' will be
(Font)              scaled to size 15.29515pt on input line 241.


[1

]
LaTeX Font Info:    Font shape `TU/EBGaramond(0)/m/n' will be
(Font)              scaled to size 17.28pt on input line 296.
LaTeX Font Info:    Font shape `TU/EBGaramond(0)/m/it' will be
(Font)              scaled to size 17.28pt on input line 296.
LaTeX Font Info:    Font shape `TU/RedactedScript(0)/m/n' will be
(Font)              scaled to size 11.20715pt on input line 298.

Underfull \hbox (badness 10000) in paragraph at lines 301--302
\TU/RedactedScript(0)/m/n/12 malesuada fermentum
 []


Underfull \hbox (badness 10000) in paragraph at lines 301--302
\TU/RedactedScript(0)/m/n/12 suspendisse potenti
 []


Underfull \hbox (badness 10000) in paragraph at lines 310--311
[]\TU/RedactedScript(0)/m/n/12 Suscipit odio duis
 []


Underfull \hbox (badness 5475) in paragraph at lines 310--311
\TU/RedactedScript(0)/m/n/12 cursus vehicula quam
 []

LaTeX Font Info:    Font shape `TU/EBGaramond(0)/m/it' will be
(Font)              scaled to size 12.0pt on input line 335.
Package microtype Info: Character `156' is missing
(microtype)             in font `\TU/EBGaramond(0)/m/it/12'.
(microtype)             Ignoring protrusion settings for this character.

Package microtype Warning: Unknown slot number of character
(microtype)                `/zero.tosf'
(microtype)                in font encoding `TU' in protrusion list
(microtype)                `EBGaramond-it-TU'.


Package microtype Warning: Unknown slot number of character
(microtype)                `/one.tosf'
(microtype)                in font encoding `TU' in protrusion list
(microtype)                `EBGaramond-it-TU'.


Package microtype Warning: Unknown slot number of character
(microtype)                `/two.tosf'
(microtype)                in font encoding `TU' in protrusion list
(microtype)                `EBGaramond-it-TU'.


Package microtype Warning: Unknown slot number of character
(microtype)                `/three.tosf'
(microtype)                in font encoding `TU' in protrusion list
(microtype)                `EBGaramond-it-TU'.


Package microtype Warning: Unknown slot number of character
(microtype)                `/four.tosf'
(microtype)                in font encoding `TU' in protrusion list
(microtype)                `EBGaramond-it-TU'.


Package microtype Warning: Unknown slot number of character
(microtype)                `/five.tosf'
(microtype)                in font encoding `TU' in protrusion list
(microtype)                `EBGaramond-it-TU'.


Package microtype Warning: Unknown slot number of character
(microtype)                `/six.tosf'
(microtype)                in font encoding `TU' in protrusion list
(microtype)                `EBGaramond-it-TU'.


Package microtype Warning: Unknown slot number of character
(microtype)                `/seven.tosf'
(microtype)                in font encoding `TU' in protrusion list
(microtype)                `EBGaramond-it-TU'.


Package microtype Warning: Unknown slot number of character
(microtype)                `/eight.tosf'
(microtype)                in font encoding `TU' in protrusion list
(microtype)                `EBGaramond-it-TU'.


Package microtype Warning: Unknown slot number of character
(microtype)                `/nine.tosf'
(microtype)                in font encoding `TU' in protrusion list
(microtype)                `EBGaramond-it-TU'.


Package microtype Warning: Unknown slot number of character
(microtype)                `/one.lf'
(microtype)                in font encoding `TU' in protrusion list
(microtype)                `EBGaramond-it-TU'.


Package microtype Warning: Unknown slot number of character
(microtype)                `/two.lf'
(microtype)                in font encoding `TU' in protrusion list
(microtype)                `EBGaramond-it-TU'.


Package microtype Warning: Unknown slot number of character
(microtype)                `/three.lf'
(microtype)                in font encoding `TU' in protrusion list
(microtype)                `EBGaramond-it-TU'.


Package microtype Warning: Unknown slot number of character
(microtype)                `/four.lf'
(microtype)                in font encoding `TU' in protrusion list
(microtype)                `EBGaramond-it-TU'.


Package microtype Warning: Unknown slot number of character
(microtype)                `/five.lf'
(microtype)                in font encoding `TU' in protrusion list
(microtype)                `EBGaramond-it-TU'.


Package microtype Warning: Unknown slot number of character
(microtype)                `/six.lf'
(microtype)                in font encoding `TU' in protrusion list
(microtype)                `EBGaramond-it-TU'.


Package microtype Warning: Unknown slot number of character
(microtype)                `/seven.lf'
(microtype)                in font encoding `TU' in protrusion list
(microtype)                `EBGaramond-it-TU'.


Package microtype Warning: Unknown slot number of character
(microtype)                `/eight.lf'
(microtype)                in font encoding `TU' in protrusion list
(microtype)                `EBGaramond-it-TU'.


Package microtype Warning: Unknown slot number of character
(microtype)                `/nine.lf'
(microtype)                in font encoding `TU' in protrusion list
(microtype)                `EBGaramond-it-TU'.


Package microtype Warning: Unknown slot number of character
(microtype)                `/one.osf'
(microtype)                in font encoding `TU' in protrusion list
(microtype)                `EBGaramond-it-TU'.


Package microtype Warning: Unknown slot number of character
(microtype)                `/two.osf'
(microtype)                in font encoding `TU' in protrusion list
(microtype)                `EBGaramond-it-TU'.


Package microtype Warning: Unknown slot number of character
(microtype)                `/three.osf'
(microtype)                in font encoding `TU' in protrusion list
(microtype)                `EBGaramond-it-TU'.


Package microtype Warning: Unknown slot number of character
(microtype)                `/four.osf'
(microtype)                in font encoding `TU' in protrusion list
(microtype)                `EBGaramond-it-TU'.


Package microtype Warning: Unknown slot number of character
(microtype)                `/seven.osf'
(microtype)                in font encoding `TU' in protrusion list
(microtype)                `EBGaramond-it-TU'.

Package microtype Info: Character `℃' is missing
(microtype)             in font `\TU/EBGaramond(0)/m/it/12'.
(microtype)             Ignoring protrusion settings for this character.
Package microtype Info: Character `ƒ' is missing
(microtype)             in font `\TU/EBGaramond(0)/m/it/12'.
(microtype)             Ignoring protrusion settings for this character.
Package microtype Info: Character `₡' is missing
(microtype)             in font `\TU/EBGaramond(0)/m/it/12'.
(microtype)             Ignoring protrusion settings for this character.


[2]
Underfull \hbox (badness 10000) in paragraph at lines 379--380
\TU/RedactedScript(0)/m/n/12 malesuada fermentum
 []


Underfull \hbox (badness 10000) in paragraph at lines 379--380
\TU/RedactedScript(0)/m/n/12 suspendisse potenti
 []

LaTeX Font Info:    Font shape `TU/CormorantGaramond(0)/b/n' will be
(Font)              scaled to size 12.74597pt on input line 383.
LaTeX Font Info:    Font shape `TU/latinmodern-math.otf(1)/m/n' will be
(Font)              scaled to size 16.43808pt on input line 403.
LaTeX Font Info:    Font shape `TU/latinmodern-math.otf(1)/m/n' will be
(Font)              scaled to size 9.51279pt on input line 403.
LaTeX Font Info:    Font shape `TU/latinmodern-math.otf(2)/m/n' will be
(Font)              scaled to size 16.43967pt on input line 403.
LaTeX Font Info:    Font shape `TU/latinmodern-math.otf(2)/m/n' will be
(Font)              scaled to size 9.5137pt on input line 403.
LaTeX Font Info:    Font shape `TU/latinmodern-math.otf(3)/m/n' will be
(Font)              scaled to size 16.43625pt on input line 403.
LaTeX Font Info:    Font shape `TU/latinmodern-math.otf(3)/m/n' will be
(Font)              scaled to size 9.51172pt on input line 403.

LaTeX Font Warning: Font shape `TU/EBGaramond(0)/b/n' undefined
(Font)              using `TU/EBGaramond(0)/m/n' instead on input line 408.



[3]
File: ../Images/Ligature-comparison.png Graphic file (type bmp)
<../Images/Ligature-comparison.png>
File: ../Images/Dropcaps-comparison.png Graphic file (type bmp)
<../Images/Dropcaps-comparison.png>


[4]

Package caption Warning: Unused \captionsetup[table] on input line 127.
See the caption package documentation for explanation.



[5] (./Editor-instructions.aux)
 ***********
LaTeX2e <2024-06-01> patch level 2
L3 programming layer <2024-08-30>
 ***********

LaTeX Font Warning: Some font shapes were not available, defaults substituted.

 )
(\end occurred inside a group at level 1)

### semi simple group (level 1) entered at line 235 (\begingroup)
### bottom level 
Here is how much of TeX's memory you used:
 21299 strings out of 476191
 403101 string characters out of 5784197
 969697 words of memory out of 5000000
 43508 multiletter control sequences out of 15000+600000
 564535 words of font info for 101 fonts, out of 8000000 for 9000
 36 hyphenation exceptions out of 8191
 90i,7n,126p,1016b,553s stack positions out of 10000i,1000n,20000p,200000b,200000s

Output written on Editor-instructions.pdf (5 pages).
